{"/home/kirill/projects/optimacros-testatsk/server/src/app/app.ts": {"path":"/home/kirill/projects/optimacros-testatsk/server/src/app/app.ts","statementMap":{"0":{"start":{"line":1,"column":0},"end":{"line":1,"column":64}},"1":{"start":{"line":4,"column":0},"end":{"line":4,"column":60}},"2":{"start":{"line":6,"column":12},"end":{"line":6,"column":21}},"3":{"start":{"line":17,"column":9},"end":{"line":17,"column":12}},"4":{"start":{"line":8,"column":0},"end":{"line":8,"column":24}},"5":{"start":{"line":10,"column":0},"end":{"line":10,"column":36}},"6":{"start":{"line":12,"column":0},"end":{"line":15,"column":4}},"7":{"start":{"line":13,"column":2},"end":{"line":13,"column":58}},"8":{"start":{"line":13,"column":33},"end":{"line":13,"column":58}},"9":{"start":{"line":14,"column":2},"end":{"line":14,"column":47}}},"fnMap":{"0":{"name":"(anonymous_7)","decl":{"start":{"line":12,"column":30},"end":{"line":12,"column":31}},"loc":{"start":{"line":12,"column":61},"end":{"line":15,"column":1}}}},"branchMap":{"0":{"loc":{"start":{"line":13,"column":2},"end":{"line":13,"column":58}},"type":"if","locations":[{"start":{"line":13,"column":2},"end":{"line":13,"column":58}}]}},"s":{"0":1,"1":1,"2":1,"3":1,"4":1,"5":1,"6":1,"7":1,"8":0,"9":1},"f":{"0":1},"b":{"0":[0]}}
,"/home/kirill/projects/optimacros-testatsk/server/src/carshop/controller/Car.controller.ts": {"path":"/home/kirill/projects/optimacros-testatsk/server/src/carshop/controller/Car.controller.ts","statementMap":{"0":{"start":{"line":2,"column":0},"end":{"line":2,"column":50}},"1":{"start":{"line":4,"column":55},"end":{"line":16,"column":2}},"2":{"start":{"line":8,"column":4},"end":{"line":16,"column":2}},"3":{"start":{"line":9,"column":2},"end":{"line":15,"column":null}},"4":{"start":{"line":10,"column":16},"end":{"line":10,"column":33}},"5":{"start":{"line":11,"column":19},"end":{"line":11,"column":35}},"6":{"start":{"line":12,"column":4},"end":{"line":12,"column":36}},"7":{"start":{"line":14,"column":4},"end":{"line":14,"column":25}},"8":{"start":{"line":4,"column":13},"end":{"line":4,"column":55}},"9":{"start":{"line":18,"column":70},"end":{"line":41,"column":2}},"10":{"start":{"line":22,"column":4},"end":{"line":41,"column":2}},"11":{"start":{"line":23,"column":19},"end":{"line":23,"column":28}},"12":{"start":{"line":24,"column":2},"end":{"line":26,"column":null}},"13":{"start":{"line":25,"column":4},"end":{"line":25,"column":50}},"14":{"start":{"line":27,"column":2},"end":{"line":40,"column":null}},"15":{"start":{"line":28,"column":19},"end":{"line":28,"column":35}},"16":{"start":{"line":29,"column":4},"end":{"line":37,"column":6}},"17":{"start":{"line":30,"column":68},"end":{"line":36,"column":8}},"18":{"start":{"line":39,"column":4},"end":{"line":39,"column":16}},"19":{"start":{"line":18,"column":13},"end":{"line":18,"column":70}},"20":{"start":{"line":43,"column":59},"end":{"line":49,"column":2}},"21":{"start":{"line":47,"column":4},"end":{"line":49,"column":2}},"22":{"start":{"line":48,"column":2},"end":{"line":48,"column":34}},"23":{"start":{"line":43,"column":13},"end":{"line":43,"column":59}}},"fnMap":{"0":{"name":"(anonymous_7)","decl":{"start":{"line":4,"column":55},"end":{"line":4,"column":null}},"loc":{"start":{"line":8,"column":4},"end":{"line":16,"column":2}}},"1":{"name":"(anonymous_8)","decl":{"start":{"line":8,"column":4},"end":{"line":8,"column":null}},"loc":{"start":{"line":8,"column":4},"end":{"line":16,"column":1}}},"2":{"name":"(anonymous_9)","decl":{"start":{"line":18,"column":70},"end":{"line":18,"column":null}},"loc":{"start":{"line":22,"column":4},"end":{"line":41,"column":2}}},"3":{"name":"(anonymous_10)","decl":{"start":{"line":22,"column":4},"end":{"line":22,"column":null}},"loc":{"start":{"line":22,"column":4},"end":{"line":41,"column":1}}},"4":{"name":"(anonymous_11)","decl":{"start":{"line":30,"column":17},"end":{"line":30,"column":18}},"loc":{"start":{"line":30,"column":68},"end":{"line":36,"column":8}}},"5":{"name":"(anonymous_12)","decl":{"start":{"line":43,"column":59},"end":{"line":43,"column":null}},"loc":{"start":{"line":47,"column":4},"end":{"line":49,"column":2}}},"6":{"name":"(anonymous_13)","decl":{"start":{"line":47,"column":4},"end":{"line":47,"column":null}},"loc":{"start":{"line":47,"column":4},"end":{"line":49,"column":1}}}},"branchMap":{"0":{"loc":{"start":{"line":24,"column":2},"end":{"line":26,"column":null}},"type":"if","locations":[{"start":{"line":24,"column":2},"end":{"line":26,"column":null}}]}},"s":{"0":1,"1":1,"2":2,"3":2,"4":2,"5":2,"6":1,"7":1,"8":1,"9":1,"10":2,"11":2,"12":2,"13":1,"14":2,"15":2,"16":2,"17":30,"18":0,"19":1,"20":1,"21":0,"22":0,"23":1},"f":{"0":2,"1":2,"2":2,"3":2,"4":30,"5":0,"6":0},"b":{"0":[1]}}
,"/home/kirill/projects/optimacros-testatsk/server/src/carshop/model/Car.model.ts": {"path":"/home/kirill/projects/optimacros-testatsk/server/src/carshop/model/Car.model.ts","statementMap":{"0":{"start":{"line":1,"column":0},"end":{"line":1,"column":61}},"1":{"start":{"line":3,"column":13},"end":{"line":13,"column":3}},"2":{"start":{"line":15,"column":13},"end":{"line":15,"column":52}}},"fnMap":{},"branchMap":{},"s":{"0":1,"1":1,"2":1},"f":{},"b":{}}
,"/home/kirill/projects/optimacros-testatsk/server/src/tests/testutils/isAlreadySorted.ts": {"path":"/home/kirill/projects/optimacros-testatsk/server/src/tests/testutils/isAlreadySorted.ts","statementMap":{"0":{"start":{"line":1,"column":29},"end":{"line":10,"column":1}},"1":{"start":{"line":2,"column":12},"end":{"line":2,"column":22}},"2":{"start":{"line":3,"column":2},"end":{"line":7,"column":null}},"3":{"start":{"line":3,"column":15},"end":{"line":3,"column":16}},"4":{"start":{"line":4,"column":4},"end":{"line":6,"column":null}},"5":{"start":{"line":5,"column":6},"end":{"line":5,"column":19}},"6":{"start":{"line":9,"column":2},"end":{"line":9,"column":14}},"7":{"start":{"line":1,"column":13},"end":{"line":1,"column":29}}},"fnMap":{"0":{"name":"(anonymous_0)","decl":{"start":{"line":1,"column":29},"end":{"line":1,"column":33}},"loc":{"start":{"line":1,"column":74},"end":{"line":10,"column":1}}}},"branchMap":{"0":{"loc":{"start":{"line":4,"column":4},"end":{"line":6,"column":null}},"type":"if","locations":[{"start":{"line":4,"column":4},"end":{"line":6,"column":null}}]}},"s":{"0":1,"1":1,"2":1,"3":1,"4":3,"5":1,"6":0,"7":1},"f":{"0":1},"b":{"0":[1]}}
,"/home/kirill/projects/optimacros-testatsk/server/src/tests/testutils/mongo.hook.ts": {"path":"/home/kirill/projects/optimacros-testatsk/server/src/tests/testutils/mongo.hook.ts","statementMap":{"0":{"start":{"line":1,"column":0},"end":{"line":1,"column":58}},"1":{"start":{"line":2,"column":0},"end":{"line":2,"column":32}},"2":{"start":{"line":4,"column":36},"end":{"line":40,"column":1}},"3":{"start":{"line":7,"column":18},"end":{"line":13,"column":4}},"4":{"start":{"line":7,"column":29},"end":{"line":13,"column":4}},"5":{"start":{"line":8,"column":4},"end":{"line":8,"column":46}},"6":{"start":{"line":9,"column":16},"end":{"line":9,"column":31}},"7":{"start":{"line":10,"column":4},"end":{"line":10,"column":39}},"8":{"start":{"line":11,"column":4},"end":{"line":11,"column":33}},"9":{"start":{"line":12,"column":4},"end":{"line":12,"column":32}},"10":{"start":{"line":15,"column":24},"end":{"line":19,"column":4}},"11":{"start":{"line":15,"column":35},"end":{"line":19,"column":4}},"12":{"start":{"line":16,"column":4},"end":{"line":16,"column":45}},"13":{"start":{"line":17,"column":4},"end":{"line":17,"column":38}},"14":{"start":{"line":18,"column":4},"end":{"line":18,"column":24}},"15":{"start":{"line":21,"column":24},"end":{"line":31,"column":4}},"16":{"start":{"line":21,"column":35},"end":{"line":31,"column":4}},"17":{"start":{"line":22,"column":24},"end":{"line":22,"column":55}},"18":{"start":{"line":23,"column":4},"end":{"line":30,"column":null}},"19":{"start":{"line":24,"column":25},"end":{"line":24,"column":41}},"20":{"start":{"line":25,"column":6},"end":{"line":29,"column":null}},"21":{"start":{"line":26,"column":20},"end":{"line":26,"column":51}},"22":{"start":{"line":28,"column":8},"end":{"line":28,"column":72}},"23":{"start":{"line":33,"column":2},"end":{"line":33,"column":41}},"24":{"start":{"line":33,"column":23},"end":{"line":33,"column":40}},"25":{"start":{"line":33,"column":24},"end":{"line":33,"column":40}},"26":{"start":{"line":34,"column":2},"end":{"line":37,"column":5}},"27":{"start":{"line":34,"column":24},"end":{"line":37,"column":4}},"28":{"start":{"line":35,"column":4},"end":{"line":35,"column":26}},"29":{"start":{"line":36,"column":4},"end":{"line":36,"column":38}},"30":{"start":{"line":36,"column":16},"end":{"line":36,"column":38}},"31":{"start":{"line":38,"column":2},"end":{"line":38,"column":46}},"32":{"start":{"line":38,"column":22},"end":{"line":38,"column":45}},"33":{"start":{"line":38,"column":23},"end":{"line":38,"column":45}},"34":{"start":{"line":39,"column":2},"end":{"line":39,"column":20}},"35":{"start":{"line":39,"column":15},"end":{"line":39,"column":19}},"36":{"start":{"line":4,"column":13},"end":{"line":4,"column":36}}},"fnMap":{"0":{"name":"(anonymous_8)","decl":{"start":{"line":4,"column":36},"end":{"line":4,"column":40}},"loc":{"start":{"line":4,"column":69},"end":{"line":40,"column":1}}},"1":{"name":"(anonymous_9)","decl":{"start":{"line":7,"column":18},"end":{"line":7,"column":27}},"loc":{"start":{"line":7,"column":29},"end":{"line":13,"column":4}}},"2":{"name":"(anonymous_10)","decl":{"start":{"line":7,"column":29},"end":{"line":7,"column":null}},"loc":{"start":{"line":7,"column":29},"end":{"line":13,"column":3}}},"3":{"name":"(anonymous_11)","decl":{"start":{"line":15,"column":24},"end":{"line":15,"column":33}},"loc":{"start":{"line":15,"column":35},"end":{"line":19,"column":4}}},"4":{"name":"(anonymous_12)","decl":{"start":{"line":15,"column":35},"end":{"line":15,"column":null}},"loc":{"start":{"line":15,"column":35},"end":{"line":19,"column":3}}},"5":{"name":"(anonymous_13)","decl":{"start":{"line":21,"column":24},"end":{"line":21,"column":33}},"loc":{"start":{"line":21,"column":35},"end":{"line":31,"column":4}}},"6":{"name":"(anonymous_14)","decl":{"start":{"line":21,"column":35},"end":{"line":21,"column":null}},"loc":{"start":{"line":21,"column":35},"end":{"line":31,"column":3}}},"7":{"name":"(anonymous_15)","decl":{"start":{"line":33,"column":12},"end":{"line":33,"column":21}},"loc":{"start":{"line":33,"column":23},"end":{"line":33,"column":40}}},"8":{"name":"(anonymous_16)","decl":{"start":{"line":33,"column":23},"end":{"line":33,"column":24}},"loc":{"start":{"line":33,"column":23},"end":{"line":33,"column":40}}},"9":{"name":"(anonymous_17)","decl":{"start":{"line":34,"column":13},"end":{"line":34,"column":22}},"loc":{"start":{"line":34,"column":24},"end":{"line":37,"column":4}}},"10":{"name":"(anonymous_18)","decl":{"start":{"line":34,"column":24},"end":{"line":34,"column":null}},"loc":{"start":{"line":34,"column":24},"end":{"line":37,"column":3}}},"11":{"name":"(anonymous_19)","decl":{"start":{"line":38,"column":11},"end":{"line":38,"column":20}},"loc":{"start":{"line":38,"column":22},"end":{"line":38,"column":45}}},"12":{"name":"(anonymous_20)","decl":{"start":{"line":38,"column":22},"end":{"line":38,"column":23}},"loc":{"start":{"line":38,"column":22},"end":{"line":38,"column":45}}},"13":{"name":"(anonymous_21)","decl":{"start":{"line":39,"column":9},"end":{"line":39,"column":12}},"loc":{"start":{"line":39,"column":15},"end":{"line":39,"column":19}}}},"branchMap":{"0":{"loc":{"start":{"line":36,"column":4},"end":{"line":36,"column":38}},"type":"if","locations":[{"start":{"line":36,"column":4},"end":{"line":36,"column":38}}]}},"s":{"0":1,"1":1,"2":1,"3":4,"4":4,"5":4,"6":4,"7":4,"8":4,"9":4,"10":4,"11":4,"12":4,"13":4,"14":4,"15":4,"16":10,"17":10,"18":10,"19":10,"20":10,"21":10,"22":0,"23":4,"24":4,"25":4,"26":4,"27":10,"28":10,"29":10,"30":4,"31":4,"32":4,"33":4,"34":4,"35":1,"36":1},"f":{"0":4,"1":4,"2":4,"3":4,"4":4,"5":10,"6":10,"7":4,"8":4,"9":10,"10":10,"11":4,"12":4,"13":1},"b":{"0":[4]}}
,"/home/kirill/projects/optimacros-testatsk/server/src/tests/testutils/useDBFill.ts": {"path":"/home/kirill/projects/optimacros-testatsk/server/src/tests/testutils/useDBFill.ts","statementMap":{"0":{"start":{"line":1,"column":0},"end":{"line":1,"column":61}},"1":{"start":{"line":3,"column":22},"end":{"line":21,"column":2}},"2":{"start":{"line":3,"column":44},"end":{"line":21,"column":2}},"3":{"start":{"line":4,"column":17},"end":{"line":4,"column":54}},"4":{"start":{"line":5,"column":16},"end":{"line":5,"column":44}},"5":{"start":{"line":6,"column":27},"end":{"line":6,"column":51}},"6":{"start":{"line":7,"column":24},"end":{"line":8,"column":53}},"7":{"start":{"line":8,"column":4},"end":{"line":8,"column":53}},"8":{"start":{"line":9,"column":26},"end":{"line":9,"column":28}},"9":{"start":{"line":10,"column":2},"end":{"line":17,"column":null}},"10":{"start":{"line":10,"column":15},"end":{"line":10,"column":16}},"11":{"start":{"line":11,"column":4},"end":{"line":16,"column":7}},"12":{"start":{"line":19,"column":2},"end":{"line":19,"column":60}},"13":{"start":{"line":19,"column":38},"end":{"line":19,"column":57}},"14":{"start":{"line":20,"column":2},"end":{"line":20,"column":14}},"15":{"start":{"line":3,"column":13},"end":{"line":3,"column":22}}},"fnMap":{"0":{"name":"(anonymous_7)","decl":{"start":{"line":3,"column":22},"end":{"line":3,"column":29}},"loc":{"start":{"line":3,"column":44},"end":{"line":21,"column":2}}},"1":{"name":"(anonymous_8)","decl":{"start":{"line":3,"column":44},"end":{"line":3,"column":null}},"loc":{"start":{"line":3,"column":44},"end":{"line":21,"column":1}}},"2":{"name":"(anonymous_9)","decl":{"start":{"line":7,"column":24},"end":{"line":7,"column":28}},"loc":{"start":{"line":8,"column":4},"end":{"line":8,"column":53}}},"3":{"name":"(anonymous_10)","decl":{"start":{"line":19,"column":29},"end":{"line":19,"column":30}},"loc":{"start":{"line":19,"column":38},"end":{"line":19,"column":57}}}},"branchMap":{},"s":{"0":1,"1":1,"2":6,"3":6,"4":6,"5":6,"6":6,"7":198,"8":6,"9":6,"10":6,"11":66,"12":6,"13":66,"14":6,"15":1},"f":{"0":6,"1":6,"2":198,"3":66},"b":{}}
,"/home/kirill/projects/optimacros-testatsk/server/src/ulils/queryStringParser.ts": {"path":"/home/kirill/projects/optimacros-testatsk/server/src/ulils/queryStringParser.ts","statementMap":{"0":{"start":{"line":1,"column":28},"end":{"line":8,"column":1}},"1":{"start":{"line":2,"column":20},"end":{"line":2,"column":65}},"2":{"start":{"line":3,"column":12},"end":{"line":3,"column":14}},"3":{"start":{"line":4,"column":2},"end":{"line":6,"column":null}},"4":{"start":{"line":5,"column":4},"end":{"line":5,"column":19}},"5":{"start":{"line":7,"column":2},"end":{"line":7,"column":13}},"6":{"start":{"line":1,"column":13},"end":{"line":1,"column":28}}},"fnMap":{"0":{"name":"(anonymous_0)","decl":{"start":{"line":1,"column":28},"end":{"line":1,"column":29}},"loc":{"start":{"line":1,"column":45},"end":{"line":8,"column":1}}}},"branchMap":{},"s":{"0":1,"1":1,"2":1,"3":1,"4":3,"5":1,"6":1},"f":{"0":1},"b":{}}
}
