TN:
SF:src/app/app.ts
FN:12,(anonymous_7)
FNF:1
FNH:1
FNDA:1,(anonymous_7)
DA:1,1
DA:4,1
DA:6,1
DA:8,1
DA:10,1
DA:12,1
DA:13,1
DA:14,1
DA:17,1
LF:9
LH:9
BRDA:13,0,0,0
BRF:1
BRH:0
end_of_record
TN:
SF:src/carshop/controller/Car.controller.ts
FN:4,(anonymous_7)
FN:8,(anonymous_8)
FN:18,(anonymous_9)
FN:22,(anonymous_10)
FN:30,(anonymous_11)
FN:43,(anonymous_12)
FN:47,(anonymous_13)
FNF:7
FNH:5
FNDA:2,(anonymous_7)
FNDA:2,(anonymous_8)
FNDA:2,(anonymous_9)
FNDA:2,(anonymous_10)
FNDA:30,(anonymous_11)
FNDA:0,(anonymous_12)
FNDA:0,(anonymous_13)
DA:2,1
DA:4,1
DA:8,2
DA:9,2
DA:10,2
DA:11,2
DA:12,1
DA:14,1
DA:18,1
DA:22,2
DA:23,2
DA:24,2
DA:25,1
DA:27,2
DA:28,2
DA:29,2
DA:30,30
DA:39,0
DA:43,1
DA:47,0
DA:48,0
LF:21
LH:18
BRDA:24,0,0,1
BRF:1
BRH:1
end_of_record
TN:
SF:src/carshop/model/Car.model.ts
FNF:0
FNH:0
DA:1,1
DA:3,1
DA:15,1
LF:3
LH:3
BRF:0
BRH:0
end_of_record
TN:
SF:src/tests/testutils/isAlreadySorted.ts
FN:1,(anonymous_0)
FNF:1
FNH:1
FNDA:1,(anonymous_0)
DA:1,1
DA:2,1
DA:3,1
DA:4,3
DA:5,1
DA:9,0
LF:6
LH:5
BRDA:4,0,0,1
BRF:1
BRH:1
end_of_record
TN:
SF:src/tests/testutils/mongo.hook.ts
FN:4,(anonymous_8)
FN:7,(anonymous_9)
FN:7,(anonymous_10)
FN:15,(anonymous_11)
FN:15,(anonymous_12)
FN:21,(anonymous_13)
FN:21,(anonymous_14)
FN:33,(anonymous_15)
FN:33,(anonymous_16)
FN:34,(anonymous_17)
FN:34,(anonymous_18)
FN:38,(anonymous_19)
FN:38,(anonymous_20)
FN:39,(anonymous_21)
FNF:14
FNH:14
FNDA:4,(anonymous_8)
FNDA:4,(anonymous_9)
FNDA:4,(anonymous_10)
FNDA:4,(anonymous_11)
FNDA:4,(anonymous_12)
FNDA:10,(anonymous_13)
FNDA:10,(anonymous_14)
FNDA:4,(anonymous_15)
FNDA:4,(anonymous_16)
FNDA:10,(anonymous_17)
FNDA:10,(anonymous_18)
FNDA:4,(anonymous_19)
FNDA:4,(anonymous_20)
FNDA:1,(anonymous_21)
DA:1,1
DA:2,1
DA:4,1
DA:7,4
DA:8,4
DA:9,4
DA:10,4
DA:11,4
DA:12,4
DA:15,4
DA:16,4
DA:17,4
DA:18,4
DA:21,10
DA:22,10
DA:23,10
DA:24,10
DA:25,10
DA:26,10
DA:28,0
DA:33,4
DA:34,10
DA:35,10
DA:36,10
DA:38,4
DA:39,4
LF:26
LH:25
BRDA:36,0,0,4
BRF:1
BRH:1
end_of_record
TN:
SF:src/tests/testutils/useDBFill.ts
FN:3,(anonymous_7)
FN:3,(anonymous_8)
FN:7,(anonymous_9)
FN:19,(anonymous_10)
FNF:4
FNH:4
FNDA:6,(anonymous_7)
FNDA:6,(anonymous_8)
FNDA:198,(anonymous_9)
FNDA:66,(anonymous_10)
DA:1,1
DA:3,6
DA:4,6
DA:5,6
DA:6,6
DA:7,6
DA:8,198
DA:9,6
DA:10,6
DA:11,66
DA:19,66
DA:20,6
LF:12
LH:12
BRF:0
BRH:0
end_of_record
TN:
SF:src/ulils/queryStringParser.ts
FN:1,(anonymous_0)
FNF:1
FNH:1
FNDA:1,(anonymous_0)
DA:1,1
DA:2,1
DA:3,1
DA:4,1
DA:5,3
DA:7,1
LF:6
LH:6
BRF:0
BRH:0
end_of_record
